<?xml version="1.0" encoding="UTF-8"?>
<!-- Generated by org.testng.reporters.JUnitReportReporter -->
<testsuite hostname="Wagh" failures="0" tests="1" name="LiveDemo" time="4.282" errors="0" timestamp="2022-10-10T17:46:58 IST" skipped="0">
  <testcase classname="LiveDemo" name="RunTest" time="4.282"/>
  <system-out/>
</testsuite> <!-- LiveDemo -->
