<?xml version="1.0" encoding="UTF-8"?>
<!-- Generated by org.testng.reporters.JUnitReportReporter -->
<testsuite hostname="Wagh" failures="0" tests="1" name="stream.ElePartialScreenshot" time="14.921" errors="0" timestamp="2022-10-11T13:16:29 IST" skipped="0">
  <testcase classname="stream.ElePartialScreenshot" name="handles" time="14.921"/>
  <system-out/>
</testsuite> <!-- stream.ElePartialScreenshot -->
