<?xml version="1.0" encoding="UTF-8"?>
<!-- Generated by org.testng.reporters.JUnitReportReporter -->
<testsuite hostname="Wagh" failures="0" tests="1" name="stream.NewWindow" time="12.276" errors="0" timestamp="2022-10-11T12:49:15 IST" skipped="0">
  <testcase classname="stream.NewWindow" name="handles" time="12.276"/>
  <system-out/>
</testsuite> <!-- stream.NewWindow -->
