<?xml version="1.0" encoding="UTF-8"?>
<!-- Generated by org.testng.reporters.JUnitReportReporter -->
<testsuite hostname="Wagh" failures="0" tests="1" name="stream.ValidateFilters" time="5.157" errors="0" timestamp="2022-10-10T18:29:39 IST" skipped="0">
  <testcase classname="stream.ValidateFilters" name="veggies" time="5.157"/>
  <system-out/>
</testsuite> <!-- stream.ValidateFilters -->
